[debug] > Exec(early(addDefaultCommands), None, None)
[debug] > Exec(addDefaultCommands, None, None)
[debug] > Exec(early(initialize), None, None)
[debug] > Exec(initialize, None, None)
[debug] > Exec(boot, None, None)
[debug] > Exec(writeSbtVersion, None, None)
[debug] > Exec(reload, None, None)
[debug] > Exec(sbtStashOnFailure, None, None)
[debug] > Exec(onFailure loadFailed, None, None)
[debug] > Exec(loadp, None, None)
[info] welcome to sbt 1.5.5 (Oracle Corporation Java 1.8.0_291)
[debug] Load.defaultLoad until apply took 411.503243ms
[debug]           Load.loadUnit: plugins took 136.45838ms
[debug]           Load.loadUnit: defsScala took 0.288718ms
[debug] [Loading] Scanning directory /Users/smudavat/Documents/SreenU/WorkSpace/Akka_Workspace/Akka_Basics_Scala/project
[debug] [Loading] Found non-root projects 
[debug] [Loading] Done in /Users/smudavat/Documents/SreenU/WorkSpace/Akka_Workspace/Akka_Basics_Scala/project, returning: ()
[debug] deducing auto plugins based on known facts Set(Atom(sbt.plugins.CorePlugin)) and clauses Clauses(Clause(Atom(sbt.plugins.JvmPlugin),Set(Atom(sbt.plugins.IvyPlugin)))
[debug] Clause(Atom(sbt.ScriptedPlugin),Set(Atom(sbt.plugins.JvmPlugin)))
[debug] Clause(Atom(sbt.plugins.SbtPlugin),Set(Atom(sbt.ScriptedPlugin)))
[debug] Clause(Atom(sbt.plugins.SemanticdbPlugin),Set(Atom(sbt.plugins.JvmPlugin)))
[debug] Clause(Atom(sbt.plugins.JUnitXmlReportPlugin),Set(Atom(sbt.plugins.JvmPlugin)))
[debug] Clause(Atom(sbt.plugins.MiniDependencyTreePlugin),Set(Atom(sbt.plugins.JvmPlugin)))
[debug] Clause(Atom(sbt.plugins.CorePlugin),Set(Atom(sbt.plugins.IvyPlugin)))
[debug] Clause(Atom(sbt.plugins.IvyPlugin),Set(Atom(sbt.plugins.JvmPlugin)))
[debug] Clause(Atom(sbt.plugins.JvmPlugin),Set(Atom(sbt.plugins.SemanticdbPlugin)))
[debug] Clause(Atom(sbt.plugins.JvmPlugin),Set(Atom(sbt.plugins.JUnitXmlReportPlugin)))
[debug] Clause(Atom(sbt.plugins.CorePlugin),Set(Atom(sbt.plugins.Giter8TemplatePlugin)))
[debug] Clause(Atom(sbt.plugins.JvmPlugin),Set(Atom(sbt.plugins.MiniDependencyTreePlugin))))
[debug]   :: deduced result: Matched(sbt.plugins.CorePlugin,sbt.plugins.Giter8TemplatePlugin,sbt.plugins.IvyPlugin,sbt.plugins.JvmPlugin,sbt.plugins.MiniDependencyTreePlugin,sbt.plugins.JUnitXmlReportPlugin,sbt.plugins.SemanticdbPlugin)
[debug] Plugins.deducer#function took 18.935161 ms
[debug]               Load.resolveProject(akka_basics_scala-build) took 41.707915ms
[debug]             Load.loadTransitive: finalizeProject(Project(id akka_basics_scala-build, base: /Users/smudavat/Documents/SreenU/WorkSpace/Akka_Workspace/Akka_Basics_Scala/project, plugins: List(<none>))) took 85.334183ms
[debug] [Loading] Done in /Users/smudavat/Documents/SreenU/WorkSpace/Akka_Workspace/Akka_Basics_Scala/project, returning: (akka_basics_scala-build)
[debug]           Load.loadUnit: loadedProjectsRaw took 99.928135ms
[debug]           Load.loadUnit: cleanEvalClasses took 0.240218ms
[debug]         Load.loadUnit(file:/Users/smudavat/Documents/SreenU/WorkSpace/Akka_Workspace/Akka_Basics_Scala/project/, ...) took 241.068891ms
[debug]       Load.apply: load took 1163.076633ms
[debug]       Load.apply: resolveProjects took 7.683122ms
[debug]       Load.apply: finalTransforms took 53.490321ms
[debug]       Load.apply: config.delegates took 8.036292ms
[debug]       Load.apply: Def.make(settings)... took 308.531435ms
[debug]       Load.apply: structureIndex took 86.956749ms
[debug]       Load.apply: mkStreams took 2.50342ms
[info] loading project definition from /Users/smudavat/Documents/SreenU/WorkSpace/Akka_Workspace/Akka_Basics_Scala/project
[debug] Running task... Cancel: Signal, check cycles: false, forcegc: true
[debug]     Load.loadUnit: plugins took 2430.740093ms
[debug]     Load.loadUnit: defsScala took 0.002966ms
[debug] [Loading] Scanning directory /Users/smudavat/Documents/SreenU/WorkSpace/Akka_Workspace/Akka_Basics_Scala
[debug]       Load.loadUnit: mkEval took 6.634512ms
[debug] [Loading] Found non-root projects 
[debug] [Loading] Done in /Users/smudavat/Documents/SreenU/WorkSpace/Akka_Workspace/Akka_Basics_Scala, returning: ()
[debug] deducing auto plugins based on known facts Set(Atom(sbt.plugins.CorePlugin)) and clauses Clauses(Clause(Atom(sbt.plugins.JvmPlugin),Set(Atom(sbt.plugins.IvyPlugin)))
[debug] Clause(Atom(sbt.ScriptedPlugin),Set(Atom(sbt.plugins.JvmPlugin)))
[debug] Clause(Atom(sbt.plugins.SbtPlugin),Set(Atom(sbt.ScriptedPlugin)))
[debug] Clause(Atom(sbt.plugins.SemanticdbPlugin),Set(Atom(sbt.plugins.JvmPlugin)))
[debug] Clause(Atom(sbt.plugins.JUnitXmlReportPlugin),Set(Atom(sbt.plugins.JvmPlugin)))
[debug] Clause(Atom(sbt.plugins.MiniDependencyTreePlugin),Set(Atom(sbt.plugins.JvmPlugin)))
[debug] Clause(Atom(sbt.plugins.CorePlugin),Set(Atom(sbt.plugins.IvyPlugin)))
[debug] Clause(Atom(sbt.plugins.IvyPlugin),Set(Atom(sbt.plugins.JvmPlugin)))
[debug] Clause(Atom(sbt.plugins.JvmPlugin),Set(Atom(sbt.plugins.SemanticdbPlugin)))
[debug] Clause(Atom(sbt.plugins.JvmPlugin),Set(Atom(sbt.plugins.JUnitXmlReportPlugin)))
[debug] Clause(Atom(sbt.plugins.CorePlugin),Set(Atom(sbt.plugins.Giter8TemplatePlugin)))
[debug] Clause(Atom(sbt.plugins.JvmPlugin),Set(Atom(sbt.plugins.MiniDependencyTreePlugin))))
[debug]   :: deduced result: Matched(sbt.plugins.CorePlugin,sbt.plugins.Giter8TemplatePlugin,sbt.plugins.IvyPlugin,sbt.plugins.JvmPlugin,sbt.plugins.MiniDependencyTreePlugin,sbt.plugins.JUnitXmlReportPlugin,sbt.plugins.SemanticdbPlugin)
[debug] Plugins.deducer#function took 1.887034 ms
[info] loading settings for project akka_basics_scala from build.sbt ...
[debug]         Load.resolveProject(akka_basics_scala) took 2.623242ms
[debug]       Load.loadTransitive: finalizeProject(Project(id akka_basics_scala, base: /Users/smudavat/Documents/SreenU/WorkSpace/Akka_Workspace/Akka_Basics_Scala, plugins: List(<none>))) took 5.030116ms
[debug] [Loading] Done in /Users/smudavat/Documents/SreenU/WorkSpace/Akka_Workspace/Akka_Basics_Scala, returning: (akka_basics_scala)
[debug]     Load.loadUnit: loadedProjectsRaw took 1690.203819ms
[debug]     Load.loadUnit: cleanEvalClasses took 8.313519ms
[debug]   Load.loadUnit(file:/Users/smudavat/Documents/SreenU/WorkSpace/Akka_Workspace/Akka_Basics_Scala/, ...) took 4130.869885ms
[debug] Load.apply: load took 4148.621727ms
[debug] Load.apply: resolveProjects took 0.140849ms
[debug] Load.apply: finalTransforms took 12.795489ms
[debug] Load.apply: config.delegates took 0.548954ms
[debug] Load.apply: Def.make(settings)... took 139.958209ms
[debug] Load.apply: structureIndex took 31.13377ms
[debug] Load.apply: mkStreams took 0.002184ms
[info] set current project to Akka_Basics_Scala (in build file:/Users/smudavat/Documents/SreenU/WorkSpace/Akka_Workspace/Akka_Basics_Scala/)
[debug] > Exec(sbtPopOnFailure, None, None)
[debug] > Exec(resumeFromFailure, None, None)
[debug] > Exec(notifyUsersAboutShell, None, None)
[debug] > Exec(iflast shell, None, None)
[debug] > Exec(shell, None, None)
[info] sbt server started at local:///Users/smudavat/.sbt/1.0/server/18b42afa7750958016b8/sock
[debug] Writing bsp connection file
[info] started sbt server
